<?xml version="1.0" encoding="UTF-8"?>
<!-- Generated by org.testng.reporters.JUnitXMLReporter -->
<testsuite ignored="4" hostname="DESKTOP-5KLMRA1" failures="0" tests="2" name="Test2" time="236.548" errors="0" timestamp="2022-03-16T02:17:48 GMT-07:00">
  <testcase classname="com.crm.autodesk.contact.Test.Create_ContactTest" name="creteContact" time="77.085"/>
  <testcase classname="com.crm.autodesk.campaigns.Test.Create_CampaignTest" name="createCampaign" time="38.689"/>
  <testcase classname="com.crm.autodesk.generic_utility.BaseClass" name="@AfterTest configureAT" time="0.0">
    <ignored/>
  </testcase> <!-- @AfterTest configureAT -->
  <testcase classname="com.crm.autodesk.generic_utility.BaseClass" name="@BeforeTest configureBT" time="0.0">
    <ignored/>
  </testcase> <!-- @BeforeTest configureBT -->
  <testcase classname="com.crm.autodesk.generic_utility.BaseClass" name="@AfterSuite configureAS" time="0.0">
    <ignored/>
  </testcase> <!-- @AfterSuite configureAS -->
  <testcase classname="com.crm.autodesk.generic_utility.BaseClass" name="@BeforeSuite configureBS" time="0.0">
    <ignored/>
  </testcase> <!-- @BeforeSuite configureBS -->
</testsuite> <!-- Test2 -->
