<?xml version="1.0" encoding="UTF-8"?>
<!-- Generated by org.testng.reporters.JUnitXMLReporter -->
<testsuite ignored="4" hostname="DESKTOP-5KLMRA1" failures="0" tests="2" name="Test3" time="260.047" errors="0" timestamp="2022-03-16T02:18:12 GMT-07:00">
  <testcase classname="com.crm.autodesk.organization.Test.Organization_choose_IndustryTest" name="orgwithIndustry" time="77.082"/>
  <testcase classname="com.crm.autodesk.contact.Test.Choose_Organization_in_contactTest" name="organizationinContact" time="67.569"/>
  <testcase classname="com.crm.autodesk.generic_utility.BaseClass" name="@AfterTest configureAT" time="0.0">
    <ignored/>
  </testcase> <!-- @AfterTest configureAT -->
  <testcase classname="com.crm.autodesk.generic_utility.BaseClass" name="@BeforeTest configureBT" time="0.0">
    <ignored/>
  </testcase> <!-- @BeforeTest configureBT -->
  <testcase classname="com.crm.autodesk.generic_utility.BaseClass" name="@AfterSuite configureAS" time="0.0">
    <ignored/>
  </testcase> <!-- @AfterSuite configureAS -->
  <testcase classname="com.crm.autodesk.generic_utility.BaseClass" name="@BeforeSuite configureBS" time="0.0">
    <ignored/>
  </testcase> <!-- @BeforeSuite configureBS -->
</testsuite> <!-- Test3 -->
