<?xml version="1.0" encoding="UTF-8"?>
<!-- Generated by org.testng.reporters.JUnitXMLReporter -->
<testsuite ignored="4" hostname="DESKTOP-5KLMRA1" failures="0" tests="2" name="Test4" time="245.647" errors="0" timestamp="2022-03-16T02:17:57 GMT-07:00">
  <testcase classname="com.crm.autodesk.contacts_with_organization.Test.Contacts_with_OrganizationTest" name="contactswithOrganization" time="118.008"/>
  <testcase classname="com.crm.autodesk.organization.Test.CreateOrganizationandValidateTest" name="createOrganization" time="34.292"/>
  <testcase classname="com.crm.autodesk.generic_utility.BaseClass" name="@AfterTest configureAT" time="0.0">
    <ignored/>
  </testcase> <!-- @AfterTest configureAT -->
  <testcase classname="com.crm.autodesk.generic_utility.BaseClass" name="@BeforeTest configureBT" time="0.0">
    <ignored/>
  </testcase> <!-- @BeforeTest configureBT -->
  <testcase classname="com.crm.autodesk.generic_utility.BaseClass" name="@AfterSuite configureAS" time="0.0">
    <ignored/>
  </testcase> <!-- @AfterSuite configureAS -->
  <testcase classname="com.crm.autodesk.generic_utility.BaseClass" name="@BeforeSuite configureBS" time="0.0">
    <ignored/>
  </testcase> <!-- @BeforeSuite configureBS -->
</testsuite> <!-- Test4 -->
