<?xml version="1.0" encoding="UTF-8"?>
<!-- Generated by org.testng.reporters.JUnitXMLReporter -->
<testsuite hostname="DESKTOP-5KLMRA1" ignored="36" name="Test" tests="10" failures="0" timestamp="2022-03-23T14:29:14 IST" time="355.966" errors="0">
  <testcase name="campaignwithProduct" time="30.023" classname="com.crm.autodesk.campaign_with_products.Test.CampaignwithProductsTest"/>
  <testcase name="createProduct" time="15.371" classname="com.crm.autodesk.products.Test.Create_ProductTest"/>
  <testcase name="productbyQuantity" time="21.099" classname="com.crm.autodesk.products.Test.ProductbyQuantityinStockTest"/>
  <testcase name="creteContact" time="16.877" classname="com.crm.autodesk.contact.Test.Create_ContactTest"/>
  <testcase name="productbyUnit" time="20.767" classname="com.crm.autodesk.products.Test.ProductbyUnitTest"/>
  <testcase name="createCampaign" time="15.726" classname="com.crm.autodesk.campaigns.Test.Create_CampaignTest"/>
  <testcase name="orgwithIndustry" time="17.595" classname="com.crm.autodesk.organization.Test.Organization_choose_IndustryTest"/>
  <testcase name="organizationinContact" time="32.058" classname="com.crm.autodesk.contact.Test.Choose_Organization_in_contactTest"/>
  <testcase name="contactswithOrganization" time="31.769" classname="com.crm.autodesk.contacts_with_organization.Test.Contacts_with_OrganizationTest"/>
  <testcase name="createOrganization" time="16.085" classname="com.crm.autodesk.organization.Test.CreateOrganizationandValidateTest"/>
  <testcase name="@BeforeTest configureBT" time="0.0" classname="com.crm.autodesk.generic_utility.BaseClass">
    <ignored/>
  </testcase> <!-- @BeforeTest configureBT -->
  <testcase name="@BeforeTest configureBT" time="0.0" classname="com.crm.autodesk.generic_utility.BaseClass">
    <ignored/>
  </testcase> <!-- @BeforeTest configureBT -->
  <testcase name="@BeforeTest configureBT" time="0.0" classname="com.crm.autodesk.generic_utility.BaseClass">
    <ignored/>
  </testcase> <!-- @BeforeTest configureBT -->
  <testcase name="@BeforeTest configureBT" time="0.0" classname="com.crm.autodesk.generic_utility.BaseClass">
    <ignored/>
  </testcase> <!-- @BeforeTest configureBT -->
  <testcase name="@BeforeTest configureBT" time="0.0" classname="com.crm.autodesk.generic_utility.BaseClass">
    <ignored/>
  </testcase> <!-- @BeforeTest configureBT -->
  <testcase name="@BeforeTest configureBT" time="0.0" classname="com.crm.autodesk.generic_utility.BaseClass">
    <ignored/>
  </testcase> <!-- @BeforeTest configureBT -->
  <testcase name="@BeforeTest configureBT" time="0.0" classname="com.crm.autodesk.generic_utility.BaseClass">
    <ignored/>
  </testcase> <!-- @BeforeTest configureBT -->
  <testcase name="@BeforeTest configureBT" time="0.0" classname="com.crm.autodesk.generic_utility.BaseClass">
    <ignored/>
  </testcase> <!-- @BeforeTest configureBT -->
  <testcase name="@BeforeTest configureBT" time="0.0" classname="com.crm.autodesk.generic_utility.BaseClass">
    <ignored/>
  </testcase> <!-- @BeforeTest configureBT -->
  <testcase name="@BeforeSuite configureBS" time="0.0" classname="com.crm.autodesk.generic_utility.BaseClass">
    <ignored/>
  </testcase> <!-- @BeforeSuite configureBS -->
  <testcase name="@BeforeSuite configureBS" time="0.0" classname="com.crm.autodesk.generic_utility.BaseClass">
    <ignored/>
  </testcase> <!-- @BeforeSuite configureBS -->
  <testcase name="@BeforeSuite configureBS" time="0.0" classname="com.crm.autodesk.generic_utility.BaseClass">
    <ignored/>
  </testcase> <!-- @BeforeSuite configureBS -->
  <testcase name="@BeforeSuite configureBS" time="0.0" classname="com.crm.autodesk.generic_utility.BaseClass">
    <ignored/>
  </testcase> <!-- @BeforeSuite configureBS -->
  <testcase name="@BeforeSuite configureBS" time="0.0" classname="com.crm.autodesk.generic_utility.BaseClass">
    <ignored/>
  </testcase> <!-- @BeforeSuite configureBS -->
  <testcase name="@BeforeSuite configureBS" time="0.0" classname="com.crm.autodesk.generic_utility.BaseClass">
    <ignored/>
  </testcase> <!-- @BeforeSuite configureBS -->
  <testcase name="@BeforeSuite configureBS" time="0.0" classname="com.crm.autodesk.generic_utility.BaseClass">
    <ignored/>
  </testcase> <!-- @BeforeSuite configureBS -->
  <testcase name="@BeforeSuite configureBS" time="0.0" classname="com.crm.autodesk.generic_utility.BaseClass">
    <ignored/>
  </testcase> <!-- @BeforeSuite configureBS -->
  <testcase name="@BeforeSuite configureBS" time="0.0" classname="com.crm.autodesk.generic_utility.BaseClass">
    <ignored/>
  </testcase> <!-- @BeforeSuite configureBS -->
  <testcase name="@AfterTest configureAT" time="0.0" classname="com.crm.autodesk.generic_utility.BaseClass">
    <ignored/>
  </testcase> <!-- @AfterTest configureAT -->
  <testcase name="@AfterTest configureAT" time="0.0" classname="com.crm.autodesk.generic_utility.BaseClass">
    <ignored/>
  </testcase> <!-- @AfterTest configureAT -->
  <testcase name="@AfterTest configureAT" time="0.0" classname="com.crm.autodesk.generic_utility.BaseClass">
    <ignored/>
  </testcase> <!-- @AfterTest configureAT -->
  <testcase name="@AfterTest configureAT" time="0.0" classname="com.crm.autodesk.generic_utility.BaseClass">
    <ignored/>
  </testcase> <!-- @AfterTest configureAT -->
  <testcase name="@AfterTest configureAT" time="0.0" classname="com.crm.autodesk.generic_utility.BaseClass">
    <ignored/>
  </testcase> <!-- @AfterTest configureAT -->
  <testcase name="@AfterTest configureAT" time="0.0" classname="com.crm.autodesk.generic_utility.BaseClass">
    <ignored/>
  </testcase> <!-- @AfterTest configureAT -->
  <testcase name="@AfterTest configureAT" time="0.0" classname="com.crm.autodesk.generic_utility.BaseClass">
    <ignored/>
  </testcase> <!-- @AfterTest configureAT -->
  <testcase name="@AfterTest configureAT" time="0.0" classname="com.crm.autodesk.generic_utility.BaseClass">
    <ignored/>
  </testcase> <!-- @AfterTest configureAT -->
  <testcase name="@AfterTest configureAT" time="0.0" classname="com.crm.autodesk.generic_utility.BaseClass">
    <ignored/>
  </testcase> <!-- @AfterTest configureAT -->
  <testcase name="@AfterSuite configureAS" time="0.0" classname="com.crm.autodesk.generic_utility.BaseClass">
    <ignored/>
  </testcase> <!-- @AfterSuite configureAS -->
  <testcase name="@AfterSuite configureAS" time="0.0" classname="com.crm.autodesk.generic_utility.BaseClass">
    <ignored/>
  </testcase> <!-- @AfterSuite configureAS -->
  <testcase name="@AfterSuite configureAS" time="0.0" classname="com.crm.autodesk.generic_utility.BaseClass">
    <ignored/>
  </testcase> <!-- @AfterSuite configureAS -->
  <testcase name="@AfterSuite configureAS" time="0.0" classname="com.crm.autodesk.generic_utility.BaseClass">
    <ignored/>
  </testcase> <!-- @AfterSuite configureAS -->
  <testcase name="@AfterSuite configureAS" time="0.0" classname="com.crm.autodesk.generic_utility.BaseClass">
    <ignored/>
  </testcase> <!-- @AfterSuite configureAS -->
  <testcase name="@AfterSuite configureAS" time="0.0" classname="com.crm.autodesk.generic_utility.BaseClass">
    <ignored/>
  </testcase> <!-- @AfterSuite configureAS -->
  <testcase name="@AfterSuite configureAS" time="0.0" classname="com.crm.autodesk.generic_utility.BaseClass">
    <ignored/>
  </testcase> <!-- @AfterSuite configureAS -->
  <testcase name="@AfterSuite configureAS" time="0.0" classname="com.crm.autodesk.generic_utility.BaseClass">
    <ignored/>
  </testcase> <!-- @AfterSuite configureAS -->
  <testcase name="@AfterSuite configureAS" time="0.0" classname="com.crm.autodesk.generic_utility.BaseClass">
    <ignored/>
  </testcase> <!-- @AfterSuite configureAS -->
</testsuite> <!-- Test -->
